---------------------------------------------------------------

[2019-12-26T11:33:18+08:00] 112.231.149.173 GET ww2.sdsxkj.com/login/accountindex.html
[运行时间：0.040292s] [吞吐率：24.82req/s] [内存消耗：3,599.47kb] [文件加载：117]
[ info ] [ LANG ] /www/wwwroot/tlsj/thinkphp/lang/zh-cn.php
[ info ] [ BIND ] 'wap'
[ info ] [ ROUTE ] array (
)
[ info ] [ HEADER ] array (
  'x-forwarded-for' => '112.231.149.173',
  'user-agent' => 'Mozilla/5.0 (iPhone; CPU iPhone OS 13_3 like Mac OS X) AppleWebKit/604.3.5 (KHTML, like Gecko) Version/13.0 MQQBrowser/9.9.1 Mobile/15B87 Safari/604.1 QBWebViewUA/2 QBWebViewType/1 WKType/1',
  'upgrade-insecure-requests' => '1',
  'host' => 'ww2.sdsxkj.com',
  'connection' => 'close',
  'accept-language' => 'zh-CN',
  'accept-encoding' => 'gzip',
  'accept' => 'text/html,application/xhtml+xml,application/xml;q=0.9,*/*;q=0.8',
  'content-length' => '',
  'content-type' => '',
)
[ info ] [ PARAM ] array (
)
[ info ] [ VIEW ] /www/wwwroot/tlsj/application/wap/config/../view/default/login/account_index.html [ array (
  0 => 'controller',
  1 => 'action',
) ]
---------------------------------------------------------------

[2019-12-26T11:33:19+08:00] 112.231.149.173 GET ww2.sdsxkj.com/verify?type=home_login
[运行时间：0.031914s] [吞吐率：31.33req/s] [内存消耗：2,929.95kb] [文件加载：98]
[ info ] [ LANG ] /www/wwwroot/tlsj/thinkphp/lang/zh-cn.php
[ info ] [ BIND ] 'wap'
[ info ] [ ROUTE ] array (
  'rule' => 'verify',
  'route' => 'Common/Index/verify',
  'option' => 
  array (
    'merge_rule_regex' => false,
  ),
  'var' => 
  array (
  ),
)
[ info ] [ HEADER ] array (
  'accept-encoding' => 'gzip, deflate',
  'referer' => 'http://ww2.sdsxkj.com/login/accountindex.html',
  'accept-language' => 'zh-cn',
  'user-agent' => 'Mozilla/5.0 (iPhone; CPU iPhone OS 13_3 like Mac OS X) AppleWebKit/604.3.5 (KHTML, like Gecko) Version/13.0 MQQBrowser/9.9.1 Mobile/15B87 Safari/604.1 QBWebViewUA/2 QBWebViewType/1 WKType/1',
  'cookie' => 'PHPSESSID=jel4und6v9dacbpfdog18ijgl7',
  'connection' => 'keep-alive',
  'accept' => 'image/png,image/svg+xml,image/*;q=0.8,video/*;q=0.8,*/*;q=0.5',
  'host' => 'ww2.sdsxkj.com',
  'content-length' => '',
  'content-type' => '',
)
[ info ] [ PARAM ] array (
  'type' => 'home_login',
)
---------------------------------------------------------------

[2019-12-26T11:33:19+08:00] 112.231.149.173 POST ww2.sdsxkj.com/message/getnoticenum.html
[运行时间：0.038371s] [吞吐率：26.06req/s] [内存消耗：3,537.55kb] [文件加载：114]
[ info ] [ LANG ] /www/wwwroot/tlsj/thinkphp/lang/zh-cn.php
[ info ] [ BIND ] 'wap'
[ info ] [ ROUTE ] array (
)
[ info ] [ HEADER ] array (
  'x-requested-with' => 'XMLHttpRequest',
  'accept-language' => 'zh-cn',
  'referer' => 'http://ww2.sdsxkj.com/login/accountindex.html',
  'user-agent' => 'Mozilla/5.0 (iPhone; CPU iPhone OS 13_3 like Mac OS X) AppleWebKit/604.3.5 (KHTML, like Gecko) Version/13.0 MQQBrowser/9.9.1 Mobile/15B87 Safari/604.1 QBWebViewUA/2 QBWebViewType/1 WKType/1',
  'accept' => 'application/json, text/javascript, */*; q=0.01',
  'connection' => 'keep-alive',
  'content-length' => '0',
  'cookie' => 'PHPSESSID=jel4und6v9dacbpfdog18ijgl7',
  'accept-encoding' => 'gzip, deflate',
  'origin' => 'http://ww2.sdsxkj.com',
  'host' => 'ww2.sdsxkj.com',
  'content-type' => '',
)
[ info ] [ PARAM ] array (
)
---------------------------------------------------------------

[2019-12-26T11:33:20+08:00] 112.231.149.173 POST ww2.sdsxkj.com/money/getajaxuserownedmoneyarr.html
[运行时间：0.044489s] [吞吐率：22.48req/s] [内存消耗：4,439.87kb] [文件加载：121]
[ info ] [ LANG ] /www/wwwroot/tlsj/thinkphp/lang/zh-cn.php
[ info ] [ BIND ] 'wap'
[ info ] [ ROUTE ] array (
)
[ info ] [ HEADER ] array (
  'x-requested-with' => 'XMLHttpRequest',
  'accept-language' => 'zh-cn',
  'referer' => 'http://ww2.sdsxkj.com/login/accountindex.html',
  'user-agent' => 'Mozilla/5.0 (iPhone; CPU iPhone OS 13_3 like Mac OS X) AppleWebKit/604.3.5 (KHTML, like Gecko) Version/13.0 MQQBrowser/9.9.1 Mobile/15B87 Safari/604.1 QBWebViewUA/2 QBWebViewType/1 WKType/1',
  'accept' => 'application/json, text/javascript, */*; q=0.01',
  'connection' => 'keep-alive',
  'content-length' => '0',
  'cookie' => 'PHPSESSID=jel4und6v9dacbpfdog18ijgl7',
  'accept-encoding' => 'gzip, deflate',
  'origin' => 'http://ww2.sdsxkj.com',
  'host' => 'ww2.sdsxkj.com',
  'content-type' => '',
)
[ info ] [ PARAM ] array (
)
[ info ] [ DB ] INIT mysql
---------------------------------------------------------------

[2019-12-26T11:33:20+08:00] 112.231.149.173 POST ww2.sdsxkj.com/block/getajaxuserownedblockarr.html
[运行时间：0.035528s] [吞吐率：28.15req/s] [内存消耗：3,528.00kb] [文件加载：114]
[ info ] [ LANG ] /www/wwwroot/tlsj/thinkphp/lang/zh-cn.php
[ info ] [ BIND ] 'wap'
[ info ] [ ROUTE ] array (
)
[ info ] [ HEADER ] array (
  'x-requested-with' => 'XMLHttpRequest',
  'accept-language' => 'zh-cn',
  'referer' => 'http://ww2.sdsxkj.com/login/accountindex.html',
  'user-agent' => 'Mozilla/5.0 (iPhone; CPU iPhone OS 13_3 like Mac OS X) AppleWebKit/604.3.5 (KHTML, like Gecko) Version/13.0 MQQBrowser/9.9.1 Mobile/15B87 Safari/604.1 QBWebViewUA/2 QBWebViewType/1 WKType/1',
  'accept' => 'application/json, text/javascript, */*; q=0.01',
  'connection' => 'keep-alive',
  'content-length' => '0',
  'cookie' => 'PHPSESSID=jel4und6v9dacbpfdog18ijgl7',
  'accept-encoding' => 'gzip, deflate',
  'origin' => 'http://ww2.sdsxkj.com',
  'host' => 'ww2.sdsxkj.com',
  'content-type' => '',
)
[ info ] [ PARAM ] array (
)
---------------------------------------------------------------

[2019-12-26T11:56:01+08:00] 112.231.149.173 GET ww2.sdsxkj.com/user/index.html
[运行时间：0.043425s] [吞吐率：23.03req/s] [内存消耗：4,555.03kb] [文件加载：122]
[ info ] [ LANG ] /www/wwwroot/tlsj/thinkphp/lang/zh-cn.php
[ info ] [ BIND ] 'wap'
[ info ] [ ROUTE ] array (
)
[ info ] [ HEADER ] array (
  'x-forwarded-for' => '112.231.149.173',
  'user-agent' => 'Mozilla/5.0 (iPhone; CPU iPhone OS 13_3 like Mac OS X) AppleWebKit/604.3.5 (KHTML, like Gecko) Version/13.0 MQQBrowser/9.9.1 Mobile/15B87 Safari/604.1 QBWebViewUA/2 QBWebViewType/1 WKType/1',
  'upgrade-insecure-requests' => '1',
  'host' => 'ww2.sdsxkj.com',
  'connection' => 'close',
  'accept-language' => 'zh-CN',
  'accept-encoding' => 'gzip',
  'accept' => 'text/html,application/xhtml+xml,application/xml;q=0.9,*/*;q=0.8',
  'content-length' => '',
  'content-type' => '',
)
[ info ] [ PARAM ] array (
)
[ info ] [ DB ] INIT mysql
---------------------------------------------------------------

[2019-12-26T11:56:01+08:00] 112.231.149.173 GET ww2.sdsxkj.com/login/accountindex.html
[运行时间：0.037859s] [吞吐率：26.41req/s] [内存消耗：3,600.68kb] [文件加载：117]
[ info ] [ LANG ] /www/wwwroot/tlsj/thinkphp/lang/zh-cn.php
[ info ] [ BIND ] 'wap'
[ info ] [ ROUTE ] array (
)
[ info ] [ HEADER ] array (
  'x-forwarded-for' => '112.231.149.173',
  'user-agent' => 'Mozilla/5.0 (iPhone; CPU iPhone OS 13_3 like Mac OS X) AppleWebKit/604.3.5 (KHTML, like Gecko) Version/13.0 MQQBrowser/9.9.1 Mobile/15B87 Safari/604.1 QBWebViewUA/2 QBWebViewType/1 WKType/1',
  'upgrade-insecure-requests' => '1',
  'host' => 'ww2.sdsxkj.com',
  'cookie' => 'PHPSESSID=1ooda13u2gf1l3afdl8jpo5sjh',
  'connection' => 'close',
  'accept-language' => 'zh-CN',
  'accept-encoding' => 'gzip',
  'accept' => 'text/html,application/xhtml+xml,application/xml;q=0.9,*/*;q=0.8',
  'content-length' => '',
  'content-type' => '',
)
[ info ] [ PARAM ] array (
)
[ info ] [ VIEW ] /www/wwwroot/tlsj/application/wap/config/../view/default/login/account_index.html [ array (
  0 => 'controller',
  1 => 'action',
) ]
---------------------------------------------------------------

[2019-12-26T11:56:02+08:00] 112.231.149.173 GET ww2.sdsxkj.com/verify?type=home_login
[运行时间：0.032472s] [吞吐率：30.80req/s] [内存消耗：2,930.52kb] [文件加载：98]
[ info ] [ LANG ] /www/wwwroot/tlsj/thinkphp/lang/zh-cn.php
[ info ] [ BIND ] 'wap'
[ info ] [ ROUTE ] array (
  'rule' => 'verify',
  'route' => 'Common/Index/verify',
  'option' => 
  array (
    'merge_rule_regex' => false,
  ),
  'var' => 
  array (
  ),
)
[ info ] [ HEADER ] array (
  'accept-encoding' => 'gzip, deflate',
  'referer' => 'http://ww2.sdsxkj.com/login/accountindex.html',
  'accept-language' => 'zh-cn',
  'user-agent' => 'Mozilla/5.0 (iPhone; CPU iPhone OS 13_3 like Mac OS X) AppleWebKit/604.3.5 (KHTML, like Gecko) Version/13.0 MQQBrowser/9.9.1 Mobile/15B87 Safari/604.1 QBWebViewUA/2 QBWebViewType/1 WKType/1',
  'cookie' => 'PHPSESSID=1ooda13u2gf1l3afdl8jpo5sjh',
  'connection' => 'keep-alive',
  'accept' => 'image/png,image/svg+xml,image/*;q=0.8,video/*;q=0.8,*/*;q=0.5',
  'host' => 'ww2.sdsxkj.com',
  'content-length' => '',
  'content-type' => '',
)
[ info ] [ PARAM ] array (
  'type' => 'home_login',
)
---------------------------------------------------------------

[2019-12-26T11:56:02+08:00] 112.231.149.173 POST ww2.sdsxkj.com/message/getnoticenum.html
[运行时间：0.035423s] [吞吐率：28.23req/s] [内存消耗：3,538.02kb] [文件加载：114]
[ info ] [ LANG ] /www/wwwroot/tlsj/thinkphp/lang/zh-cn.php
[ info ] [ BIND ] 'wap'
[ info ] [ ROUTE ] array (
)
[ info ] [ HEADER ] array (
  'x-requested-with' => 'XMLHttpRequest',
  'accept-language' => 'zh-cn',
  'referer' => 'http://ww2.sdsxkj.com/login/accountindex.html',
  'user-agent' => 'Mozilla/5.0 (iPhone; CPU iPhone OS 13_3 like Mac OS X) AppleWebKit/604.3.5 (KHTML, like Gecko) Version/13.0 MQQBrowser/9.9.1 Mobile/15B87 Safari/604.1 QBWebViewUA/2 QBWebViewType/1 WKType/1',
  'accept' => 'application/json, text/javascript, */*; q=0.01',
  'connection' => 'keep-alive',
  'content-length' => '0',
  'cookie' => 'PHPSESSID=1ooda13u2gf1l3afdl8jpo5sjh',
  'accept-encoding' => 'gzip, deflate',
  'origin' => 'http://ww2.sdsxkj.com',
  'host' => 'ww2.sdsxkj.com',
  'content-type' => '',
)
[ info ] [ PARAM ] array (
)
---------------------------------------------------------------

[2019-12-26T11:56:03+08:00] 112.231.149.173 POST ww2.sdsxkj.com/money/getajaxuserownedmoneyarr.html
[运行时间：0.042652s] [吞吐率：23.45req/s] [内存消耗：4,440.34kb] [文件加载：121]
[ info ] [ LANG ] /www/wwwroot/tlsj/thinkphp/lang/zh-cn.php
[ info ] [ BIND ] 'wap'
[ info ] [ ROUTE ] array (
)
[ info ] [ HEADER ] array (
  'x-requested-with' => 'XMLHttpRequest',
  'accept-language' => 'zh-cn',
  'referer' => 'http://ww2.sdsxkj.com/login/accountindex.html',
  'user-agent' => 'Mozilla/5.0 (iPhone; CPU iPhone OS 13_3 like Mac OS X) AppleWebKit/604.3.5 (KHTML, like Gecko) Version/13.0 MQQBrowser/9.9.1 Mobile/15B87 Safari/604.1 QBWebViewUA/2 QBWebViewType/1 WKType/1',
  'accept' => 'application/json, text/javascript, */*; q=0.01',
  'connection' => 'keep-alive',
  'content-length' => '0',
  'cookie' => 'PHPSESSID=1ooda13u2gf1l3afdl8jpo5sjh',
  'accept-encoding' => 'gzip, deflate',
  'origin' => 'http://ww2.sdsxkj.com',
  'host' => 'ww2.sdsxkj.com',
  'content-type' => '',
)
[ info ] [ PARAM ] array (
)
[ info ] [ DB ] INIT mysql
---------------------------------------------------------------

[2019-12-26T11:56:03+08:00] 112.231.149.173 POST ww2.sdsxkj.com/block/getajaxuserownedblockarr.html
[运行时间：0.032025s] [吞吐率：31.23req/s] [内存消耗：3,528.48kb] [文件加载：114]
[ info ] [ LANG ] /www/wwwroot/tlsj/thinkphp/lang/zh-cn.php
[ info ] [ BIND ] 'wap'
[ info ] [ ROUTE ] array (
)
[ info ] [ HEADER ] array (
  'x-requested-with' => 'XMLHttpRequest',
  'accept-language' => 'zh-cn',
  'referer' => 'http://ww2.sdsxkj.com/login/accountindex.html',
  'user-agent' => 'Mozilla/5.0 (iPhone; CPU iPhone OS 13_3 like Mac OS X) AppleWebKit/604.3.5 (KHTML, like Gecko) Version/13.0 MQQBrowser/9.9.1 Mobile/15B87 Safari/604.1 QBWebViewUA/2 QBWebViewType/1 WKType/1',
  'accept' => 'application/json, text/javascript, */*; q=0.01',
  'connection' => 'keep-alive',
  'content-length' => '0',
  'cookie' => 'PHPSESSID=1ooda13u2gf1l3afdl8jpo5sjh',
  'accept-encoding' => 'gzip, deflate',
  'origin' => 'http://ww2.sdsxkj.com',
  'host' => 'ww2.sdsxkj.com',
  'content-type' => '',
)
[ info ] [ PARAM ] array (
)
---------------------------------------------------------------

[2019-12-26T13:26:02+08:00] 112.231.149.173 GET ww2.sdsxkj.com/login/accountindex.html
[运行时间：0.036644s] [吞吐率：27.29req/s] [内存消耗：3,601.39kb] [文件加载：117]
[ info ] [ LANG ] /www/wwwroot/tlsj/thinkphp/lang/zh-cn.php
[ info ] [ BIND ] 'wap'
[ info ] [ ROUTE ] array (
)
[ info ] [ HEADER ] array (
  'x-forwarded-for' => '112.231.149.173',
  'user-agent' => 'Mozilla/5.0 (iPhone; CPU iPhone OS 13_3 like Mac OS X) AppleWebKit/604.3.5 (KHTML, like Gecko) Version/13.0 MQQBrowser/9.9.1 Mobile/15B87 Safari/604.1 QBWebViewUA/2 QBWebViewType/1 WKType/1',
  'upgrade-insecure-requests' => '1',
  'host' => 'ww2.sdsxkj.com',
  'cookie' => 'PHPSESSID=1ooda13u2gf1l3afdl8jpo5sjh',
  'connection' => 'close',
  'accept-language' => 'zh-CN',
  'accept-encoding' => 'gzip',
  'accept' => 'text/html,application/xhtml+xml,application/xml;q=0.9,*/*;q=0.8',
  'content-length' => '',
  'content-type' => '',
)
[ info ] [ PARAM ] array (
)
[ info ] [ VIEW ] /www/wwwroot/tlsj/application/wap/config/../view/default/login/account_index.html [ array (
  0 => 'controller',
  1 => 'action',
) ]
---------------------------------------------------------------

[2019-12-26T13:26:02+08:00] 112.231.149.173 GET ww2.sdsxkj.com/verify?type=home_login
[运行时间：0.030641s] [吞吐率：32.64req/s] [内存消耗：2,930.65kb] [文件加载：98]
[ info ] [ LANG ] /www/wwwroot/tlsj/thinkphp/lang/zh-cn.php
[ info ] [ BIND ] 'wap'
[ info ] [ ROUTE ] array (
  'rule' => 'verify',
  'route' => 'Common/Index/verify',
  'option' => 
  array (
    'merge_rule_regex' => false,
  ),
  'var' => 
  array (
  ),
)
[ info ] [ HEADER ] array (
  'accept-encoding' => 'gzip, deflate',
  'referer' => 'http://ww2.sdsxkj.com/login/accountindex.html',
  'accept-language' => 'zh-cn',
  'user-agent' => 'Mozilla/5.0 (iPhone; CPU iPhone OS 13_3 like Mac OS X) AppleWebKit/604.3.5 (KHTML, like Gecko) Version/13.0 MQQBrowser/9.9.1 Mobile/15B87 Safari/604.1 QBWebViewUA/2 QBWebViewType/1 WKType/1',
  'cookie' => 'PHPSESSID=1ooda13u2gf1l3afdl8jpo5sjh',
  'connection' => 'keep-alive',
  'accept' => 'image/png,image/svg+xml,image/*;q=0.8,video/*;q=0.8,*/*;q=0.5',
  'host' => 'ww2.sdsxkj.com',
  'content-length' => '',
  'content-type' => '',
)
[ info ] [ PARAM ] array (
  'type' => 'home_login',
)
---------------------------------------------------------------

[2019-12-26T13:26:03+08:00] 112.231.149.173 POST ww2.sdsxkj.com/message/getnoticenum.html
[运行时间：0.035040s] [吞吐率：28.54req/s] [内存消耗：3,538.02kb] [文件加载：114]
[ info ] [ LANG ] /www/wwwroot/tlsj/thinkphp/lang/zh-cn.php
[ info ] [ BIND ] 'wap'
[ info ] [ ROUTE ] array (
)
[ info ] [ HEADER ] array (
  'x-requested-with' => 'XMLHttpRequest',
  'accept-language' => 'zh-cn',
  'referer' => 'http://ww2.sdsxkj.com/login/accountindex.html',
  'user-agent' => 'Mozilla/5.0 (iPhone; CPU iPhone OS 13_3 like Mac OS X) AppleWebKit/604.3.5 (KHTML, like Gecko) Version/13.0 MQQBrowser/9.9.1 Mobile/15B87 Safari/604.1 QBWebViewUA/2 QBWebViewType/1 WKType/1',
  'accept' => 'application/json, text/javascript, */*; q=0.01',
  'connection' => 'keep-alive',
  'content-length' => '0',
  'cookie' => 'PHPSESSID=1ooda13u2gf1l3afdl8jpo5sjh',
  'accept-encoding' => 'gzip, deflate',
  'origin' => 'http://ww2.sdsxkj.com',
  'host' => 'ww2.sdsxkj.com',
  'content-type' => '',
)
[ info ] [ PARAM ] array (
)
---------------------------------------------------------------

[2019-12-26T13:26:03+08:00] 112.231.149.173 POST ww2.sdsxkj.com/money/getajaxuserownedmoneyarr.html
[运行时间：0.041262s] [吞吐率：24.24req/s] [内存消耗：4,440.34kb] [文件加载：121]
[ info ] [ LANG ] /www/wwwroot/tlsj/thinkphp/lang/zh-cn.php
[ info ] [ BIND ] 'wap'
[ info ] [ ROUTE ] array (
)
[ info ] [ HEADER ] array (
  'x-requested-with' => 'XMLHttpRequest',
  'accept-language' => 'zh-cn',
  'referer' => 'http://ww2.sdsxkj.com/login/accountindex.html',
  'user-agent' => 'Mozilla/5.0 (iPhone; CPU iPhone OS 13_3 like Mac OS X) AppleWebKit/604.3.5 (KHTML, like Gecko) Version/13.0 MQQBrowser/9.9.1 Mobile/15B87 Safari/604.1 QBWebViewUA/2 QBWebViewType/1 WKType/1',
  'accept' => 'application/json, text/javascript, */*; q=0.01',
  'connection' => 'keep-alive',
  'content-length' => '0',
  'cookie' => 'PHPSESSID=1ooda13u2gf1l3afdl8jpo5sjh',
  'accept-encoding' => 'gzip, deflate',
  'origin' => 'http://ww2.sdsxkj.com',
  'host' => 'ww2.sdsxkj.com',
  'content-type' => '',
)
[ info ] [ PARAM ] array (
)
[ info ] [ DB ] INIT mysql
---------------------------------------------------------------

[2019-12-26T13:26:04+08:00] 112.231.149.173 POST ww2.sdsxkj.com/block/getajaxuserownedblockarr.html
[运行时间：0.033918s] [吞吐率：29.48req/s] [内存消耗：3,528.48kb] [文件加载：114]
[ info ] [ LANG ] /www/wwwroot/tlsj/thinkphp/lang/zh-cn.php
[ info ] [ BIND ] 'wap'
[ info ] [ ROUTE ] array (
)
[ info ] [ HEADER ] array (
  'x-requested-with' => 'XMLHttpRequest',
  'accept-language' => 'zh-cn',
  'referer' => 'http://ww2.sdsxkj.com/login/accountindex.html',
  'user-agent' => 'Mozilla/5.0 (iPhone; CPU iPhone OS 13_3 like Mac OS X) AppleWebKit/604.3.5 (KHTML, like Gecko) Version/13.0 MQQBrowser/9.9.1 Mobile/15B87 Safari/604.1 QBWebViewUA/2 QBWebViewType/1 WKType/1',
  'accept' => 'application/json, text/javascript, */*; q=0.01',
  'connection' => 'keep-alive',
  'content-length' => '0',
  'cookie' => 'PHPSESSID=1ooda13u2gf1l3afdl8jpo5sjh',
  'accept-encoding' => 'gzip, deflate',
  'origin' => 'http://ww2.sdsxkj.com',
  'host' => 'ww2.sdsxkj.com',
  'content-type' => '',
)
[ info ] [ PARAM ] array (
)
